


ARM Macro Assembler    Page 1 


    1 00000000                 AREA             ARMex, CODE, READONLY
    2 00000000                 ENTRY
    3 00000000         
    4 00000000         Main
    5 00000000 E59F00B4        LDR              r0, =Array  ;saving Array's add
                                                            ress
    6 00000004 E59F10A8        LDR              r1, Addressl ;saving 0x40000000
                                                             to r1
    7 00000008         
    8 00000008 E2811009        ADD              r1, r1, #9  ;memory's address t
                                                            hat saved in TEMPAD
                                                            DR1 is added by 9 a
                                                            nd saved to r1
    9 0000000C E4D02001        LDRB             r2,[r0],#1  ;saving to 10 from 
                                                            Array
   10 00000010 E4C12001        STRB             r2,[r1],#1  ;saving 10 to memor
                                                            y
   11 00000014 E59F1098        LDR              r1, Addressl ;saving 0x40000000
                                                             to r1
   12 00000018         
   13 00000018 E2811008        ADD              r1, r1, #8  ;memory's address t
                                                            hat saved in TEMPAD
                                                            DR1 is added by 8 a
                                                            nd saved to r1
   14 0000001C E4D02001        LDRB             r2,[r0],#1  ;saving to 9 from A
                                                            rray
   15 00000020 E4C12001        STRB             r2,[r1],#1  ;saving 9 to memory
                                                            
   16 00000024 E59F1088        LDR              r1, Addressl ;saving 0x40000000
                                                             to r1
   17 00000028         
   18 00000028 E2811007        ADD              r1, r1, #7  ;memory's address t
                                                            hat saved in TEMPAD
                                                            DR1 is added by 7 a
                                                            nd saved to r1
   19 0000002C E4D02001        LDRB             r2,[r0],#1  ;saving to 8 from A
                                                            rray
   20 00000030 E4C12001        STRB             r2,[r1],#1  ;saving 8 to memory
                                                            
   21 00000034 E59F1078        LDR              r1, Addressl ;saving 0x40000000
                                                             to r1
   22 00000038         
   23 00000038 E2811006        ADD              r1, r1, #6  ;memory's address t
                                                            hat saved in TEMPAD
                                                            DR1 is added by 6 a
                                                            nd saved to r1
   24 0000003C E4D02001        LDRB             r2,[r0],#1  ;saving to 7 from A
                                                            rray
   25 00000040 E4C12001        STRB             r2,[r1],#1  ;saving 7 to memory
                                                            
   26 00000044 E59F1068        LDR              r1, Addressl ;saving 0x40000000
                                                             to r1
   27 00000048         
   28 00000048 E2811005        ADD              r1, r1, #5  ;memory's address t
                                                            hat saved in TEMPAD
                                                            DR1 is added by 5 a
                                                            nd saved to r1
   29 0000004C E4D02001        LDRB             r2,[r0],#1  ;saving to 6 from A
                                                            rray



ARM Macro Assembler    Page 2 


   30 00000050 E4C12001        STRB             r2,[r1],#1  ;saving 6 to memory
                                                            
   31 00000054 E59F1058        LDR              r1, Addressl ;saving 0x40000000
                                                             to r1
   32 00000058         
   33 00000058 E2811004        ADD              r1, r1, #4  ;memory's address t
                                                            hat saved in TEMPAD
                                                            DR1 is added by 4 a
                                                            nd saved to r1
   34 0000005C E4D02001        LDRB             r2,[r0],#1  ;saving to 5 from A
                                                            rray
   35 00000060 E4C12001        STRB             r2,[r1],#1  ;saving 5 to memory
                                                            
   36 00000064 E59F1048        LDR              r1, Addressl ;saving 0x40000000
                                                             to r1
   37 00000068         
   38 00000068 E2811003        ADD              r1, r1, #3  ;memory's address t
                                                            hat saved in TEMPAD
                                                            DR1 is added by 3 a
                                                            nd saved to r1
   39 0000006C E4D02001        LDRB             r2,[r0],#1  ;saving to 4 from A
                                                            rray
   40 00000070 E4C12001        STRB             r2,[r1],#1  ;saving 4 to memory
                                                            
   41 00000074 E59F1038        LDR              r1, Addressl ;saving 0x40000000
                                                             to r1
   42 00000078         
   43 00000078 E2811002        ADD              r1, r1, #2  ;memory's address t
                                                            hat saved in TEMPAD
                                                            DR1 is added by 2 a
                                                            nd saved to r1
   44 0000007C E4D02001        LDRB             r2,[r0],#1  ;saving to 3 from A
                                                            rray
   45 00000080 E4C12001        STRB             r2,[r1],#1  ;saving 3 to memory
                                                            
   46 00000084 E59F1028        LDR              r1, Addressl ;saving 0x40000000
                                                             to r1
   47 00000088         
   48 00000088 E2811001        ADD              r1, r1, #1  ;memory's address t
                                                            hat saved in TEMPAD
                                                            DR1 is added by 1 a
                                                            nd saved to r1
   49 0000008C E4D02001        LDRB             r2,[r0],#1  ;saving to 2 from A
                                                            rray
   50 00000090 E4C12001        STRB             r2,[r1],#1  ;saving 2 to memory
                                                            
   51 00000094 E59F1018        LDR              r1, Addressl ;saving 0x40000000
                                                             to r1
   52 00000098         
   53 00000098 E2811000        ADD              r1, r1, #0  ;memory's address t
                                                            hat saved in TEMPAD
                                                            DR1 is added by 0 a
                                                            nd saved to r1
   54 0000009C E4D02001        LDRB             r2,[r0],#1  ;saving to 1 from A
                                                            rray
   55 000000A0 E4C12001        STRB             r2,[r1],#1  ;saving 1 to memory
                                                            
   56 000000A4 E59F1008        LDR              r1, Addressl ;saving 0x40000000
                                                             to r1



ARM Macro Assembler    Page 3 


   57 000000A8         
   58 000000A8 0A 09 08 
              07 06 05 
              04 03 02 
              01       Array   DCB              10,9,8,7,6,5,4,3,2,1 ;saving 10
                                                            ,9,8,7,6,5,4,3,2,1 
                                                            to Array
   59 000000B2         
   60 000000B2 00 00 40000000 
                       Addressl
                               DCD              &40000000   ; 0x40000000 is sav
                                                            ed to Addressl
   61 000000B8 E1A0F00E        MOV              pc,lr
   62 000000BC                 END                          ; Mark end of file
              00000000 
Command Line: --debug --xref --diag_suppress=9931 --cpu=ARM9E --apcs=interwork 
--depend=.\objects\assignment2-2.d -o.\objects\assignment2-2.o -IC:\Keil_v5\ARM
\RV31\INC -IC:\Keil_v5\ARM\CMSIS\Include --predefine="__EVAL SETA 1" --predefin
e="__UVISION_VERSION SETA 528" --list=.\listings\assignment2-2.lst Assignment2-
2.s



ARM Macro Assembler    Page 1 Alphabetic symbol ordering
Relocatable symbols

ARMex 00000000

Symbol: ARMex
   Definitions
      At line 1 in file Assignment2-2.s
   Uses
      None
Comment: ARMex unused
Addressl 000000B4

Symbol: Addressl
   Definitions
      At line 60 in file Assignment2-2.s
   Uses
      At line 6 in file Assignment2-2.s
      At line 11 in file Assignment2-2.s
      At line 16 in file Assignment2-2.s
      At line 21 in file Assignment2-2.s
      At line 26 in file Assignment2-2.s
      At line 31 in file Assignment2-2.s
      At line 36 in file Assignment2-2.s
      At line 41 in file Assignment2-2.s
      At line 46 in file Assignment2-2.s
      At line 51 in file Assignment2-2.s
      At line 56 in file Assignment2-2.s

Array 000000A8

Symbol: Array
   Definitions
      At line 58 in file Assignment2-2.s
   Uses
      At line 5 in file Assignment2-2.s
Comment: Array used once
Main 00000000

Symbol: Main
   Definitions
      At line 4 in file Assignment2-2.s
   Uses
      None
Comment: Main unused
4 symbols
338 symbols in table
