


ARM Macro Assembler    Page 1 


    1 00000000                 AREA             ARMex, CODE,READONLY
    2 00000000                 ENTRY
    3 00000000         
    4 00000000         Main
    5 00000000 E59F006C        LDR              r0, Address1 ;saving 0x40000000
                                                             to r0
    6 00000004 E3A01001        mov              r1,#1       ;1!
    7 00000008 E1A02081        mov              r2, r1,lsl #1 ;2!
    8 0000000C E3A03003        mov              r3,#3
    9 00000010 E0030392        mul              r3,r2,r3    ;3!
   10 00000014 E3A04004        mov              r4,#4
   11 00000018 E0040493        mul              r4,r3,r4    ;4!
   12 0000001C E3A05005        mov              r5,#5
   13 00000020 E0050594        mul              r5,r4,r5    ;5!
   14 00000024 E3A06006        mov              r6,#6
   15 00000028 E0060695        mul              r6,r5,r6    ;6!
   16 0000002C E3A07007        mov              r7,#7
   17 00000030 E0070796        mul              r7,r6,r7    ;7!
   18 00000034 E3A08008        mov              r8,#8
   19 00000038 E0080897        mul              r8,r7,r8    ;8!
   20 0000003C E3A09009        mov              r9,#9
   21 00000040 E0090998        mul              r9,r8,r9    ;9!
   22 00000044 E3A0A00A        mov              r10,#10
   23 00000048 E00A0A99        mul              r10,r9,r10  ;10!
   24 0000004C         
   25 0000004C E4801004        str              r1,[r0],#4  ;saving r0's value 
                                                            to memory 
   26 00000050 E4802004        str              r2,[r0],#4  ;saving r0's value 
                                                            to memory 
   27 00000054 E4803004        str              r3,[r0],#4  ;saving r0's value 
                                                            to memory 
   28 00000058 E4804004        str              r4,[r0],#4  ;saving r0's value 
                                                            to memory 
   29 0000005C E4805004        str              r5,[r0],#4  ;saving r0's value 
                                                            to memory 
   30 00000060 E4806004        str              r6,[r0],#4  ;saving r0's value 
                                                            to memory 
   31 00000064 E4807004        str              r7,[r0],#4  ;saving r0's value 
                                                            to memory 
   32 00000068 E4808004        str              r8,[r0],#4  ;saving r0's value 
                                                            to memory 
   33 0000006C E4809004        str              r9,[r0],#4  ;saving r0's value 
                                                            to memory 
   34 00000070 E580A000        str              r10,[r0]    ;saving r0's value 
                                                            to memory 
   35 00000074         
   36 00000074 40000000 
                       Address1
                               DCD              &40000000   ; 0x40000000 is sav
                                                            ed to Addressl 
   37 00000078 E1A0F00E        MOV              pc,lr
   38 0000007C                 END                          ; Mark end of file
Command Line: --debug --xref --diag_suppress=9931 --cpu=ARM9E --apcs=interwork 
--depend=.\objects\assignment3-2.d -o.\objects\assignment3-2.o -IC:\Keil_v5\ARM
\RV31\INC -IC:\Keil_v5\ARM\CMSIS\Include --predefine="__EVAL SETA 1" --predefin
e="__UVISION_VERSION SETA 528" --list=.\listings\assignment3-2.lst Assignment3-
2.s



ARM Macro Assembler    Page 1 Alphabetic symbol ordering
Relocatable symbols

ARMex 00000000

Symbol: ARMex
   Definitions
      At line 1 in file Assignment3-2.s
   Uses
      None
Comment: ARMex unused
Address1 00000074

Symbol: Address1
   Definitions
      At line 36 in file Assignment3-2.s
   Uses
      At line 5 in file Assignment3-2.s
Comment: Address1 used once
Main 00000000

Symbol: Main
   Definitions
      At line 4 in file Assignment3-2.s
   Uses
      None
Comment: Main unused
3 symbols
335 symbols in table
