


ARM Macro Assembler    Page 1 


    1 00000000                 AREA             ARMex, CODE,READONLY
    2 00000000                 ENTRY
    3 00000000         
    4 00000000         Main
    5 00000000 E59F0054        LDR              r0, Address1
    6 00000004 E3A01001        mov              r1,#1
    7 00000008 E1A02081        mov              r2, r1,lsl#1
    8 0000000C E0823082        add              r3,r2,r2,lsl #1
    9 00000010 E1A04103        mov              r4,r3,lsl #2
   10 00000014 E0845104        add              r5,r4,r4, lsl#2
   11 00000018 E0856105        add              r6,r5,r5, lsl #2
   12 0000001C E0866005        add              r6,r6,r5
   13 00000020 E0667186        rsb              r7,r6,r6, lsl #3
   14 00000024 E1A08187        mov              r8,r7,lsl #3
   15 00000028 E0889188        add              r9,r8,r8, lsl #3
   16 0000002C E089A189        add              r10,r9,r9, lsl #3
   17 00000030 E08AA009        add              r10,r10,r9
   18 00000034         
   19 00000034 E4801004        str              r1,[r0],#4
   20 00000038 E4802004        str              r2,[r0],#4
   21 0000003C E4803004        str              r3,[r0],#4
   22 00000040 E4804004        str              r4,[r0],#4
   23 00000044 E4805004        str              r5,[r0],#4
   24 00000048 E4806004        str              r6,[r0],#4
   25 0000004C E4807004        str              r7,[r0],#4
   26 00000050 E4808004        str              r8,[r0],#4
   27 00000054 E4809004        str              r9,[r0],#4
   28 00000058 E580A000        str              r10,[r0]
   29 0000005C         
   30 0000005C 40000000 
                       Address1
                               DCD              &40000000   ; 0x40000000 is sav
                                                            ed to Addressl 
   31 00000060 E1A0F00E        MOV              pc,lr
   32 00000064                 END                          ; Mark end of file
Command Line: --debug --xref --diag_suppress=9931 --cpu=ARM9E --apcs=interwork 
--depend=.\objects\assignment3-1.d -o.\objects\assignment3-1.o -IC:\Keil_v5\ARM
\RV31\INC -IC:\Keil_v5\ARM\CMSIS\Include --predefine="__EVAL SETA 1" --predefin
e="__UVISION_VERSION SETA 528" --list=.\listings\assignment3-1.lst Assignment3-
1.s



ARM Macro Assembler    Page 1 Alphabetic symbol ordering
Relocatable symbols

ARMex 00000000

Symbol: ARMex
   Definitions
      At line 1 in file Assignment3-1.s
   Uses
      None
Comment: ARMex unused
Address1 0000005C

Symbol: Address1
   Definitions
      At line 30 in file Assignment3-1.s
   Uses
      At line 5 in file Assignment3-1.s
Comment: Address1 used once
Main 00000000

Symbol: Main
   Definitions
      At line 4 in file Assignment3-1.s
   Uses
      None
Comment: Main unused
3 symbols
335 symbols in table
