


ARM Macro Assembler    Page 1 


    1 00000000                 AREA             ARMex, CODE, READONLY
    2 00000000                 ENTRY
    3 00000000         
    4 00000000         Main
    5 00000000         
    6 00000000 E59F8064        LDR              r8, Addressl ;saving 0x40000000
                                                             to r8
    7 00000004 E3A00001        MOV              r0, #1      ; r0=1 1 is located
                                                             to r0 
    8 00000008 E1A01080        MOV              r1, r0, LSL #1 ; r1=2 2 is loca
                                                            ted to r1 using LSL
                                                             operator 
    9 0000000C E1A02081        MOV              r2, r1, LSL #1 ; r2=4 4 is loca
                                                            ted to r2 using LSL
                                                             operator
   10 00000010 E1A03082        MOV              r3, r2, LSL #1 ; r3=8 8 is loca
                                                            ted to r3 using LSL
                                                             operator
   11 00000014 E0815003        ADD              r5,r1,r3    ; r5=10 10 is locat
                                                            ed to r5 using ADD 
                                                            operator
   12 00000018 E0855000        ADD              r5,r5,r0    ; r5=11 11 is locat
                                                            ed to r5 using ADD 
                                                            operator
   13 0000001C E1A06005        MOV              r6,r5       ; r5's value is loc
                                                            ated to r10. r6 is 
                                                            register for Accumu
                                                            lation
   14 00000020 E0855001        ADD              r5,r5,r1    ; r5=13 13 is locat
                                                            ed to r5 using ADD 
                                                            operator
   15 00000024 E0866005        ADD              r6,r6,r5    ; r6=11+13=24 24 is
                                                             located to r6 usin
                                                            g ADD operator. it 
                                                            is process for Accu
                                                            mulation
   16 00000028 E0855001        ADD              r5,r5,r1    ; r5=15 15 is locat
                                                            ed to r5 using ADD 
                                                            operator
   17 0000002C E0866005        ADD              r6,r6,r5    ; r6=24+15=39 39 is
                                                             located to r6 usin
                                                            g ADD operator. it 
                                                            is process for Accu
                                                            mulation
   18 00000030 E0855001        ADD              r5,r5,r1    ; r5=17 17 is locat
                                                            ed to r5 using ADD 
                                                            operator
   19 00000034 E0866005        ADD              r6,r6,r5    ; r6=39+17=56 56 is
                                                             located to r6 usin
                                                            g ADD operator. it 
                                                            is process for Accu
                                                            mulation
   20 00000038 E0855001        ADD              r5,r5,r1    ; r5=19 19 is locat
                                                            ed to r5 using ADD 
                                                            operator
   21 0000003C E0866005        ADD              r6,r6,r5    ; r6=56+19=75 75 is
                                                             located to r6 usin
                                                            g ADD operator. it 
                                                            is process for Accu



ARM Macro Assembler    Page 2 


                                                            mulation
   22 00000040 E0855001        ADD              r5,r5,r1    ; r5=21 21 is locat
                                                            ed to r5 using ADD 
                                                            operator
   23 00000044 E0866005        ADD              r6,r6,r5    ; r6=75+21=96 96 is
                                                             located to r6 usin
                                                            g ADD operator. it 
                                                            is process for Accu
                                                            mulation
   24 00000048 E0855001        ADD              r5,r5,r1    ; r5=23 23 is locat
                                                            ed to r5 using ADD 
                                                            operator
   25 0000004C E0866005        ADD              r6,r6,r5    ; r6=96+23=119 119 
                                                            is located to r6 us
                                                            ing ADD operator. i
                                                            t is process for Ac
                                                            cumulation
   26 00000050 E0855001        ADD              r5,r5,r1    ; r5=25 25 is locat
                                                            ed to r5 using ADD 
                                                            operator
   27 00000054 E0866005        ADD              r6,r6,r5    ; r6=119+25=144 24 
                                                            is located to r6 us
                                                            ing ADD operator. i
                                                            t is process for Ac
                                                            cumulation
   28 00000058 E0855001        ADD              r5,r5,r1    ; r5=27 27 is locat
                                                            ed to r5 using ADD 
                                                            operator
   29 0000005C E0866005        ADD              r6,r6,r5    ; r6=144+27=171 171
                                                             is located to r6 u
                                                            sing ADD operator. 
                                                            it is process for A
                                                            ccumulation
   30 00000060 E0855001        ADD              r5,r5,r1    ; r5=29 29 is locat
                                                            ed to r5 using ADD 
                                                            operator
   31 00000064 E0866005        ADD              r6,r6,r5    ; r6=171+29=200 200
                                                             is located to r6 u
                                                            sing ADD operator. 
                                                            it is process for A
                                                            ccumulation
   32 00000068 E5886000        STR              r6,[r8]     ;saving r6's value 
                                                            to memory 
   33 0000006C         
   34 0000006C         
   35 0000006C 40000000 
                       Addressl
                               DCD              &40000000   ; 0x40000000 is sav
                                                            ed to Addressl
   36 00000070 E1A0F00E        MOV              pc,lr
   37 00000074                 END                          ; Mark end of file
Command Line: --debug --xref --diag_suppress=9931 --cpu=ARM9E --apcs=interwork 
--depend=.\objects\assignment2-3-3.d -o.\objects\assignment2-3-3.o -IC:\Keil_v5
\ARM\RV31\INC -IC:\Keil_v5\ARM\CMSIS\Include --predefine="__EVAL SETA 1" --pred
efine="__UVISION_VERSION SETA 528" --list=.\listings\assignment2-3-3.lst Assign
ment2-3-3.s



ARM Macro Assembler    Page 1 Alphabetic symbol ordering
Relocatable symbols

ARMex 00000000

Symbol: ARMex
   Definitions
      At line 1 in file Assignment2-3-3.s
   Uses
      None
Comment: ARMex unused
Addressl 0000006C

Symbol: Addressl
   Definitions
      At line 35 in file Assignment2-3-3.s
   Uses
      At line 6 in file Assignment2-3-3.s
Comment: Addressl used once
Main 00000000

Symbol: Main
   Definitions
      At line 4 in file Assignment2-3-3.s
   Uses
      None
Comment: Main unused
3 symbols
335 symbols in table
