


ARM Macro Assembler    Page 1 


    1 00000000                 AREA             ARMex, CODE, READONLY
    2 00000000                 ENTRY
    3 00000000         
    4 00000000         Main
    5 00000000 E59F0054        LDR              r0, =C_string1 ;saving "Hello",
                                                            0's address
    6 00000004 E59F1054        LDR              r1, =C_string2 ;saving "Hello",
                                                            0's address
    7 00000008 E59F4048        LDR              r4, Addressl ;saving 0x40000000
                                                            
    8 0000000C E3A0500B        MOV              r5, #0x0B   ;saving 0x0B to r5
    9 00000010 E3A0600A        MOV              r6, #0x0A   ;saving 0x0A to r5
   10 00000014         Loop
   11 00000014 E4D02001        LDRB             r2,[r0],#1  ;saving one word fr
                                                            om Array
   12 00000018 E4D13001        LDRB             r3,[r1],#1  ;saving one word fr
                                                            om Array
   13 0000001C E1520003        CMP              r2, r3      ;comparing two word
                                                            
   14 00000020 1A000000        BNE              Notequal    ;if Not Equl, go to
                                                             Notequal
   15 00000024 EA000001        B                Finish      ; if Equl, go to Fi
                                                            nish
   16 00000028         Notequal
   17 00000028 E5845000        STR              r5,[r4]     ;saving 0x0B to mem
                                                            ory
   18 0000002C EA000005        B                Endline     ;go to Endline
   19 00000030         
   20 00000030         Finish
   21 00000030 E3A07000        MOV              r7, #0      ;saving 0 to r7
   22 00000034 E1520007        CMP              r2, r7      ;detecting Null num
                                                            ber
   23 00000038 0A000000        BEQ              Equal       ;if Equal go to Equ
                                                            al
   24 0000003C EAFFFFF4        B                Loop        ; if Not Equal go t
                                                            o Loop
   25 00000040         Equal
   26 00000040 E5846000        STR              r6,[r4]     ;saving 0x0A to mem
                                                            ory
   27 00000044 EAFFFFFF        B                Endline     ;go to Endline
   28 00000048         Endline
   29 00000048 E1A0F00E        MOV              pc,lr
   30 0000004C 48 65 6C 
              6C 6F 00 C_string1
                               DCB              "Hello",0   ;saving "Hello",0 t
                                                            o C_string1
   31 00000052 48 65 6C 
              6C 6F 00 C_string2
                               DCB              "Hello",0   ;saving "Hello",0 t
                                                            o C_string2
   32 00000058         
   33 00000058 40000000 
                       Addressl
                               DCD              &40000000   ; 0x40000000 is sav
                                                            ed to Addressl
   34 0000005C                 END                          ; Mark end of file
              00000000 
              00000000 
Command Line: --debug --xref --diag_suppress=9931 --cpu=ARM9E --apcs=interwork 



ARM Macro Assembler    Page 2 


--depend=.\objects\assignment2-1.d -o.\objects\assignment2-1.o -IC:\Keil_v5\ARM
\RV31\INC -IC:\Keil_v5\ARM\CMSIS\Include --predefine="__EVAL SETA 1" --predefin
e="__UVISION_VERSION SETA 528" --list=.\listings\assignment2-1.lst Assignment2-
1.s



ARM Macro Assembler    Page 1 Alphabetic symbol ordering
Relocatable symbols

ARMex 00000000

Symbol: ARMex
   Definitions
      At line 1 in file Assignment2-1.s
   Uses
      None
Comment: ARMex unused
Addressl 00000058

Symbol: Addressl
   Definitions
      At line 33 in file Assignment2-1.s
   Uses
      At line 7 in file Assignment2-1.s
Comment: Addressl used once
C_string1 0000004C

Symbol: C_string1
   Definitions
      At line 30 in file Assignment2-1.s
   Uses
      At line 5 in file Assignment2-1.s
Comment: C_string1 used once
C_string2 00000052

Symbol: C_string2
   Definitions
      At line 31 in file Assignment2-1.s
   Uses
      At line 6 in file Assignment2-1.s
Comment: C_string2 used once
Endline 00000048

Symbol: Endline
   Definitions
      At line 28 in file Assignment2-1.s
   Uses
      At line 18 in file Assignment2-1.s
      At line 27 in file Assignment2-1.s

Equal 00000040

Symbol: Equal
   Definitions
      At line 25 in file Assignment2-1.s
   Uses
      At line 23 in file Assignment2-1.s
Comment: Equal used once
Finish 00000030

Symbol: Finish
   Definitions
      At line 20 in file Assignment2-1.s
   Uses
      At line 15 in file Assignment2-1.s
Comment: Finish used once
Loop 00000014




ARM Macro Assembler    Page 2 Alphabetic symbol ordering
Relocatable symbols

Symbol: Loop
   Definitions
      At line 10 in file Assignment2-1.s
   Uses
      At line 24 in file Assignment2-1.s
Comment: Loop used once
Main 00000000

Symbol: Main
   Definitions
      At line 4 in file Assignment2-1.s
   Uses
      None
Comment: Main unused
Notequal 00000028

Symbol: Notequal
   Definitions
      At line 16 in file Assignment2-1.s
   Uses
      At line 14 in file Assignment2-1.s
Comment: Notequal used once
10 symbols
344 symbols in table
