


ARM Macro Assembler    Page 1 


    1 00000000                 AREA             ARMex, CODE, READONLY
    2 00000000                 ENTRY
    3 00000000         
    4 00000000         start
    5 00000000 E3A00001        MOV              r0, #1      ; 1 is located to r
                                                            0
    6 00000004 E3A01002        MOV              r1, #2      ; 2 is located to r
                                                            1
    7 00000008 E3A03003        MOV              r3, #3      ; 3 is located to r
                                                            3
    8 0000000C E3A04004        MOV              r4, #4      ; 4 is located to r
                                                            4
    9 00000010 E59F202C        LDR              r2, TEMPADDR1 ; memory's addres
                                                            s that saved in TEM
                                                            PADDR1 is located t
                                                            o r2
   10 00000014 E4C20001        STRB             r0, [r2], #1 ; r0's value is sa
                                                            ved to r2's memory 
                                                            by 1 byte unit
   11 00000018 E4C21001        STRB             r1, [r2], #1 ; r1's value is sa
                                                            ved to r3's memory 
                                                            by 1 byte unit
   12 0000001C E4C23001        STRB             r3, [r2], #1 ; r3's value is sa
                                                            ved to r3's memory 
                                                            by 1 byte unit
   13 00000020 E4C24001        STRB             r4, [r2], #1 ; r4's value is sa
                                                            ved to r3's memory 
                                                            by 1 byte unit
   14 00000024 E59F2018        LDR              r2, TEMPADDR1 ; memory's addres
                                                            s that saved in TEM
                                                            PADDR1 is located t
                                                            o r2
   15 00000028 E5925000        LDR              r5, [r2]    ; memory's value is
                                                             saved to r5 by 32 
                                                            byte unit
   16 0000002C E4C24001        STRB             r4, [r2], #1 ; r4's value is sa
                                                            ved to r2's memory 
                                                            by 1 byte unit 
   17 00000030 E4C23001        STRB             r3, [r2], #1 ; r3's value is sa
                                                            ved to r3's memory 
                                                            by 1 byte unit
   18 00000034 E4C21001        STRB             r1, [r2], #1 ; r1's value is sa
                                                            ved to r3's memory 
                                                            by 1 byte unit
   19 00000038 E4C20001        STRB             r0, [r2], #1 ; r0's value is sa
                                                            ved to r3's memory 
                                                            by 1 byte unit
   20 0000003C E59F2000        LDR              r2, TEMPADDR1 ; memory's addres
                                                            s that saved in TEM
                                                            PADDR1 is located t
                                                            o r2
   21 00000040 E5926000        LDR              r6, [r2]    ; memory's value is
                                                             saved to r6 by 32 
                                                            byte unit
   22 00000044         
   23 00000044 40000000 
                       TEMPADDR1
                               &                &40000000   ; 0x40000000 is sav
                                                            ed to TEMPADDR1



ARM Macro Assembler    Page 2 


   24 00000048 E1A0F00E        MOV              pc,lr
   25 0000004C                 END                          ; Mark end of file
Command Line: --debug --xref --diag_suppress=9931 --cpu=ARM9E --apcs=interwork 
--depend=.\objects\assignment2.d -o.\objects\assignment2.o -IC:\Keil_v5\ARM\RV3
1\INC -IC:\Keil_v5\ARM\CMSIS\Include --predefine="__EVAL SETA 1" --predefine="_
_UVISION_VERSION SETA 528" --list=.\listings\assignment2.lst Assignment2.s



ARM Macro Assembler    Page 1 Alphabetic symbol ordering
Relocatable symbols

ARMex 00000000

Symbol: ARMex
   Definitions
      At line 1 in file Assignment2.s
   Uses
      None
Comment: ARMex unused
TEMPADDR1 00000044

Symbol: TEMPADDR1
   Definitions
      At line 23 in file Assignment2.s
   Uses
      At line 9 in file Assignment2.s
      At line 14 in file Assignment2.s
      At line 20 in file Assignment2.s

start 00000000

Symbol: start
   Definitions
      At line 4 in file Assignment2.s
   Uses
      None
Comment: start unused
3 symbols
335 symbols in table
