


ARM Macro Assembler    Page 1 


    1 00000000                 AREA             blockData, CODE, READONLY
    2 00000000                 ENTRY
    3 00000000         
    4 00000000         start
    5 00000000         
    6 00000000 E3A00000        MOV              r0, #0      ;saving 0 to r0
    7 00000004 E3A01001        mov              r1, #1      ;saving 1 to r1
    8 00000008 E3A02002        mov              r2, #2      ;saving 2 to r2
    9 0000000C E3A03003        mov              r3, #3      ;saving 3 to r3
   10 00000010 E3A04004        mov              r4, #4      ;saving 4 to r4
   11 00000014 E3A05005        mov              r5, #5      ;saving 5 to r5
   12 00000018 E3A06006        mov              r6, #6      ;saving 6 to r6
   13 0000001C E3A07007        mov              r7, #7      ;saving 7 to r7
   14 00000020         
   15 00000020         
   16 00000020 E59F8020        LDR              r8, TEMPADDR1 ;saving 0x4000000
                                                            0 to r8
   17 00000024         
   18 00000024 E8A80004        STMIA            r8!,{r2}    ;saving r2 to memor
                                                            y using to Store mu
                                                            ltiple registers
   19 00000028 E8A80001        STMIA            r8!,{r0}    ;saving r0 to memor
                                                            y using to Store mu
                                                            ltiple registers
   20 0000002C E8A80008        STMIA            r8!,{r3}    ;saving r3 to memor
                                                            y using to Store mu
                                                            ltiple registers
   21 00000030 E8A800E0        STMIA            r8!,{r5-r7} ;saving r5~r7 to me
                                                            mory using to Store
                                                             multiple registers
                                                            
   22 00000034 E8A80002        STMIA            r8!,{r1}    ;saving r1 to memor
                                                            y using to Store mu
                                                            ltiple registers
   23 00000038 E8A80010        STMIA            r8!,{r4}    ;saving r4 to memor
                                                            y using to Store mu
                                                            ltiple registers
   24 0000003C         
   25 0000003C E59F8004        LDR              r8, TEMPADDR1 ;saving 0x4000000
                                                            0 to r8
   26 00000040 E89800FF        LDMIA            r8,{r0-r7}  ;saving r0~r7 to me
                                                            mory using to Store
                                                             multiple registers
                                                            
   27 00000044 E1A0F00E        MOV              pc, lr
   28 00000048         
   29 00000048 40000000 
                       TEMPADDR1
                               &                &40000000   ;0x40000000 is save
                                                            d to TEMPADDR1 
   30 0000004C                 END                          ; Mark end of file
Command Line: --debug --xref --diag_suppress=9931 --cpu=ARM9E --apcs=interwork 
--depend=.\objects\assignment4-1.d -o.\objects\assignment4-1.o -IC:\Keil_v5\ARM
\RV31\INC -IC:\Keil_v5\ARM\CMSIS\Include --predefine="__EVAL SETA 1" --predefin
e="__UVISION_VERSION SETA 528" --list=.\listings\assignment4-1.lst Assignment4-
1.s



ARM Macro Assembler    Page 1 Alphabetic symbol ordering
Relocatable symbols

TEMPADDR1 00000048

Symbol: TEMPADDR1
   Definitions
      At line 29 in file Assignment4-1.s
   Uses
      At line 16 in file Assignment4-1.s
      At line 25 in file Assignment4-1.s

blockData 00000000

Symbol: blockData
   Definitions
      At line 1 in file Assignment4-1.s
   Uses
      None
Comment: blockData unused
start 00000000

Symbol: start
   Definitions
      At line 4 in file Assignment4-1.s
   Uses
      None
Comment: start unused
3 symbols
335 symbols in table
